<?xml version="1.0" encoding="UTF-8" ?>
<testsuite tests="2" failures="1" name="TestSuite" time="60.839" errors="0" skipped="0">
  <properties>
[...]
</properties>
  <testcase classname="testcase.DiscuzLogin" name="login" time="2.563"/>
  <testcase classname="testcase.DiscuzPublish" name="publish" time="0.001">
    <failure type="java.lang.NullPointerException">java.lang.NullPointerException
	at pageHelper.LoginHelper.login(LoginHelper.java:41)
	at testcase.DiscuzPublish.publish(DiscuzPublish.java:16)
</failure>
  </testcase>
</testsuite>