-------------------------------------------------------------------------------
Test set: TestSuite
-------------------------------------------------------------------------------
Tests run: 2, Failures: 1, Errors: 0, Skipped: 0, Time elapsed: 60.863 sec <<< FAILURE!
publish(testcase.DiscuzPublish)  Time elapsed: 0.38 sec  <<< FAILURE!
java.lang.NullPointerException
	at pageHelper.LoginHelper.login(LoginHelper.java:41)
	at testcase.DiscuzPublish.publish(DiscuzPublish.java:16)

