<?xml version="1.0" encoding="UTF-8"?>
<testng-results skipped="0" failed="1" total="2" passed="1">
  <reporter-output>
  </reporter-output>
  <suite name="Discuz" duration-ms="43750" started-at="2018-05-30T12:09:25Z" finished-at="2018-05-30T12:10:09Z">
    <groups>
    </groups>
    <test name="test" duration-ms="43750" started-at="2018-05-30T12:09:25Z" finished-at="2018-05-30T12:10:09Z">
      <class name="testcase.DiscuzLogin">
        <test-method status="PASS" signature="setup()[pri:0, instance:testcase.DiscuzLogin@3cda1055]" name="setup" is-config="true" duration-ms="40729" started-at="2018-05-30T20:09:25Z" finished-at="2018-05-30T20:10:06Z">
          <reporter-output>
          </reporter-output>
        </test-method> <!-- setup -->
        <test-method status="PASS" signature="login()[pri:0, instance:testcase.DiscuzLogin@3cda1055]" name="login" duration-ms="2484" started-at="2018-05-30T20:10:06Z" finished-at="2018-05-30T20:10:09Z">
          <reporter-output>
          </reporter-output>
        </test-method> <!-- login -->
        <test-method status="PASS" signature="terdown()[pri:0, instance:testcase.DiscuzLogin@3cda1055]" name="terdown" is-config="true" duration-ms="0" started-at="2018-05-30T20:10:09Z" finished-at="2018-05-30T20:10:09Z">
          <reporter-output>
          </reporter-output>
        </test-method> <!-- terdown -->
      </class> <!-- testcase.DiscuzLogin -->
      <class name="testcase.DiscuzPublish">
        <test-method status="FAIL" signature="publish()[pri:0, instance:testcase.DiscuzPublish@7a5d012c]" name="publish" duration-ms="1" started-at="2018-05-30T20:10:09Z" finished-at="2018-05-30T20:10:09Z">
          <exception class="java.lang.NullPointerException">
            <full-stacktrace>
              <![CDATA[java.lang.NullPointerException
	at pageHelper.LoginHelper.login(LoginHelper.java:41)
	at testcase.DiscuzPublish.publish(DiscuzPublish.java:16)
	at sun.reflect.NativeMethodAccessorImpl.invoke0(Native Method)
	at sun.reflect.NativeMethodAccessorImpl.invoke(NativeMethodAccessorImpl.java:62)
	at sun.reflect.DelegatingMethodAccessorImpl.invoke(DelegatingMethodAccessorImpl.java:43)
	at java.lang.reflect.Method.invoke(Method.java:498)
	at org.testng.internal.MethodInvocationHelper.invokeMethod(MethodInvocationHelper.java:86)
	at org.testng.internal.Invoker.invokeMethod(Invoker.java:643)
	at org.testng.internal.Invoker.invokeTestMethod(Invoker.java:820)
	at org.testng.internal.Invoker.invokeTestMethods(Invoker.java:1128)
	at org.testng.internal.TestMethodWorker.invokeTestMethods(TestMethodWorker.java:129)
	at org.testng.internal.TestMethodWorker.run(TestMethodWorker.java:112)
	at org.testng.TestRunner.privateRun(TestRunner.java:782)
	at org.testng.TestRunner.run(TestRunner.java:632)
	at org.testng.SuiteRunner.runTest(SuiteRunner.java:366)
	at org.testng.SuiteRunner.runSequentially(SuiteRunner.java:361)
	at org.testng.SuiteRunner.privateRun(SuiteRunner.java:319)
	at org.testng.SuiteRunner.run(SuiteRunner.java:268)
	at org.testng.SuiteRunnerWorker.runSuite(SuiteRunnerWorker.java:52)
	at org.testng.SuiteRunnerWorker.run(SuiteRunnerWorker.java:86)
	at org.testng.TestNG.runSuitesSequentially(TestNG.java:1244)
	at org.testng.TestNG.runSuitesLocally(TestNG.java:1169)
	at org.testng.TestNG.run(TestNG.java:1064)
	at org.apache.maven.surefire.testng.TestNGExecutor.run(TestNGExecutor.java:74)
	at org.apache.maven.surefire.testng.TestNGXmlTestSuite.execute(TestNGXmlTestSuite.java:92)
	at org.apache.maven.surefire.Surefire.run(Surefire.java:180)
	at sun.reflect.NativeMethodAccessorImpl.invoke0(Native Method)
	at sun.reflect.NativeMethodAccessorImpl.invoke(NativeMethodAccessorImpl.java:62)
	at sun.reflect.DelegatingMethodAccessorImpl.invoke(DelegatingMethodAccessorImpl.java:43)
	at java.lang.reflect.Method.invoke(Method.java:498)
	at org.apache.maven.surefire.booter.SurefireBooter.runSuitesInProcess(SurefireBooter.java:350)
	at org.apache.maven.surefire.booter.SurefireBooter.main(SurefireBooter.java:1021)
]]>
            </full-stacktrace>
          </exception> <!-- java.lang.NullPointerException -->
          <reporter-output>
          </reporter-output>
        </test-method> <!-- publish -->
      </class> <!-- testcase.DiscuzPublish -->
    </test> <!-- test -->
  </suite> <!-- Discuz -->
</testng-results>
